Using pre-set license
Built from '2020.3/release' branch; Version is '2020.3.15f2 (6cf78cb77498) revision 7141260'; Using compiler version '192528614'; Build Type 'Release'
OS: 'Windows 10 Pro; OS build 19043.1110; Version 2009; 64bit' Language: 'es' Physical Memory: 8094 MB
BatchMode: 1, IsHumanControllingUs: 0, StartBugReporterOnCrash: 0, Is64bit: 1, IsPro: 0

 COMMAND LINE ARGUMENTS:
D:\Disco D\Programas\Instaladores Software\6 SEM\PGM\Unity\2018.4.19f1\2020.3.15f2\Editor\Unity.exe
-adb2
-batchMode
-noUpm
-name
AssetImportWorker4
-projectPath
D:/Disco D/Documentos/UNIFRANZ/Semestre 9/RAV/H2/Proyectos/Dinosaurios/Dinosaurios
-logFile
Logs/AssetImportWorker4.log
-srvPort
50735
Successfully changed project path to: D:/Disco D/Documentos/UNIFRANZ/Semestre 9/RAV/H2/Proyectos/Dinosaurios/Dinosaurios
D:/Disco D/Documentos/UNIFRANZ/Semestre 9/RAV/H2/Proyectos/Dinosaurios/Dinosaurios
Using Asset Import Pipeline V2.
Refreshing native plugins compatible for Editor in 78.17 ms, found 5 plugins.
Preloading 2 native plugins for Editor in 2.66 ms.
Initialize engine version: 2020.3.15f2 (6cf78cb77498)
[Subsystems] Discovering subsystems at path D:/Disco D/Programas/Instaladores Software/6 SEM/PGM/Unity/2018.4.19f1/2020.3.15f2/Editor/Data/Resources/UnitySubsystems
[Subsystems] Discovering subsystems at path D:/Disco D/Documentos/UNIFRANZ/Semestre 9/RAV/H2/Proyectos/Dinosaurios/Dinosaurios/Assets
GfxDevice: creating device client; threaded=0
Direct3D:
    Version:  Direct3D 11.0 [level 11.0]
    Renderer: Intel(R) HD Graphics 4000 (ID=0x166)
    Vendor:   
    VRAM:     128 MB
    Driver:   10.18.10.4653
Initialize mono
Mono path[0] = 'D:/Disco D/Programas/Instaladores Software/6 SEM/PGM/Unity/2018.4.19f1/2020.3.15f2/Editor/Data/Managed'
Mono path[1] = 'D:/Disco D/Programas/Instaladores Software/6 SEM/PGM/Unity/2018.4.19f1/2020.3.15f2/Editor/Data/MonoBleedingEdge/lib/mono/unityjit'
Mono config path = 'D:/Disco D/Programas/Instaladores Software/6 SEM/PGM/Unity/2018.4.19f1/2020.3.15f2/Editor/Data/MonoBleedingEdge/etc'
Using monoOptions --debugger-agent=transport=dt_socket,embedding=1,server=y,suspend=n,address=127.0.0.1:56984
Begin MonoManager ReloadAssembly
Registering precompiled unity dll's ...
Register platform support module: D:/Disco D/Programas/Instaladores Software/6 SEM/PGM/Unity/2018.4.19f1/2020.3.15f2/Editor/Data/PlaybackEngines/WindowsStandaloneSupport/UnityEditor.WindowsStandalone.Extensions.dll
Registered in 0.033799 seconds.
Native extension for WindowsStandalone target not found
Refreshing native plugins compatible for Editor in 59.20 ms, found 5 plugins.
Preloading 2 native plugins for Editor in 0.12 ms.
Mono: successfully reloaded assembly
- Completed reload, in  3.188 seconds
Domain Reload Profiling:
	ReloadAssembly (3188ms)
		BeginReloadAssembly (129ms)
			ExecutionOrderSort (0ms)
			DisableScriptedObjects (0ms)
			BackupInstance (0ms)
			ReleaseScriptingObjects (0ms)
			CreateAndSetChildDomain (3ms)
		EndReloadAssembly (893ms)
			LoadAssemblies (125ms)
			RebuildTransferFunctionScriptingTraits (0ms)
			SetupTypeCache (284ms)
			ReleaseScriptCaches (0ms)
			RebuildScriptCaches (61ms)
			SetupLoadedEditorAssemblies (332ms)
				LogAssemblyErrors (0ms)
				InitializePlatformSupportModulesInManaged (7ms)
				SetLoadedEditorAssemblies (1ms)
				RefreshPlugins (59ms)
				BeforeProcessingInitializeOnLoad (12ms)
				ProcessInitializeOnLoadAttributes (155ms)
				ProcessInitializeOnLoadMethodAttributes (98ms)
				AfterProcessingInitializeOnLoad (0ms)
				EditorAssembliesLoaded (0ms)
			ExecutionOrderSort2 (0ms)
			AwakeInstancesAfterBackupRestoration (0ms)
Platform modules already initialized, skipping
Registering precompiled user dll's ...
Registered in 0.441337 seconds.
Begin MonoManager ReloadAssembly
